<?xml version="1.0" encoding="UTF-8"?>
<!-- Generated by org.testng.reporters.JUnitXMLReporter -->
<testsuite ignored="1" hostname="JayasankerMuringothKrishnan" failures="0" tests="1" name="Default test" time="14.16" errors="0" timestamp="18 May 2022 07:28:16 GMT">
  <testcase classname="executeClass.ExpenceCategoryPageExecution" name="addNewexpenceCategory" time="5.136"/>
  <testcase classname="executeClass.ExpenceCategoryPageExecution" name="verifyHeading" time="0.0">
    <ignored/>
  </testcase> <!-- verifyHeading -->
</testsuite> <!-- Default test -->
